<?xml version="1.0" encoding="UTF-8"?>
<testng-results ignored="0" total="2" passed="2" failed="0" skipped="0">
  <reporter-output>
  </reporter-output>
  <suite started-at="2022-09-15T13:12:23 CEST" name="Default suite" finished-at="2022-09-15T13:12:46 CEST" duration-ms="23743">
    <groups>
    </groups>
    <test started-at="2022-09-15T13:12:23 CEST" name="Default test" finished-at="2022-09-15T13:12:46 CEST" duration-ms="23743">
      <class name="com.marko.app.LoginTest">
        <test-method is-config="true" signature="setup()[pri:0, instance:com.marko.app.LoginTest@4659191b]" started-at="2022-09-15T13:12:23 CEST" name="setup" finished-at="2022-09-15T13:12:27 CEST" duration-ms="3877" status="PASS">
          <reporter-output>
          </reporter-output>
        </test-method> <!-- setup -->
        <test-method signature="loginUser(java.lang.String,java.lang.String)[pri:0, instance:com.marko.app.LoginTest@4659191b]" started-at="2022-09-15T13:12:27 CEST" name="loginUser" data-provider="getData" finished-at="2022-09-15T13:12:37 CEST" duration-ms="10563" status="PASS">
          <params>
            <param index="0">
              <value>
                <![CDATA[test2@test.com]]>
              </value>
            </param>
            <param index="1">
              <value>
                <![CDATA[test12345]]>
              </value>
            </param>
          </params>
          <reporter-output>
          </reporter-output>
        </test-method> <!-- loginUser -->
        <test-method signature="loginUser(java.lang.String,java.lang.String)[pri:0, instance:com.marko.app.LoginTest@4659191b]" started-at="2022-09-15T13:12:37 CEST" name="loginUser" data-provider="getData" finished-at="2022-09-15T13:12:46 CEST" duration-ms="9184" status="PASS">
          <params>
            <param index="0">
              <value>
                <![CDATA[test@test.com]]>
              </value>
            </param>
            <param index="1">
              <value>
                <![CDATA[test123]]>
              </value>
            </param>
          </params>
          <reporter-output>
          </reporter-output>
        </test-method> <!-- loginUser -->
        <test-method is-config="true" signature="tearDown()[pri:0, instance:com.marko.app.LoginTest@4659191b]" started-at="2022-09-15T13:12:46 CEST" name="tearDown" finished-at="2022-09-15T13:12:46 CEST" duration-ms="72" status="PASS">
          <reporter-output>
          </reporter-output>
        </test-method> <!-- tearDown -->
      </class> <!-- com.marko.app.LoginTest -->
    </test> <!-- Default test -->
  </suite> <!-- Default suite -->
</testng-results>
